====================================================================================================
[HF] TempReason <- tonytan48/TempReason
====================================================================================================
[OK] saved: /home/tahiti/TimeBound/data/raw/TempReason
====================================================================================================
[HF] complex-tr <- tonytan48/complex-tr
====================================================================================================
[OK] saved: /home/tahiti/TimeBound/data/raw/complex-tr
====================================================================================================
[HF] TCP <- Beanbagdzf/TCP
====================================================================================================
[OK] saved: /home/tahiti/TimeBound/data/raw/TCP
====================================================================================================
[HF] multiwoz_v22 <- pfb30/multi_woz_v22
====================================================================================================
[OK] saved: /home/tahiti/TimeBound/data/raw/multiwoz_v22
====================================================================================================
[GIT] cloning LoCoMo
====================================================================================================

Done. No packages were installed or upgraded.
